<?xml version="1.0" encoding="UTF-8"?>
<!-- Generated by org.testng.reporters.JUnitReportReporter -->
<testsuite skipped="0" hostname="Shivansh-PC" name="testcases.ReadingExcelFile" tests="1" failures="0" timestamp="31 Jul 2022 14:58:36 GMT" time="43.567" errors="0">
  <testcase name="readXlsFile" time="43.567" classname="testcases.ReadingExcelFile"/>
</testsuite> <!-- testcases.ReadingExcelFile -->
