<?xml version="1.0" encoding="UTF-8"?>
<!-- Generated by org.testng.reporters.JUnitReportReporter -->
<testsuite skipped="0" hostname="Shivansh-PC" name="testcases.HowToHandleAlert" tests="1" failures="0" timestamp="24 Jul 2022 14:50:18 GMT" time="22.694" errors="0">
  <testcase name="verifyAlert" time="22.694" classname="testcases.HowToHandleAlert"/>
</testsuite> <!-- testcases.HowToHandleAlert -->
