<?xml version="1.0" encoding="UTF-8"?>
<!-- Generated by org.testng.reporters.JUnitReportReporter -->
<testsuite skipped="0" hostname="Shivansh-PC" name="testcases.ActionsClass" tests="1" failures="0" timestamp="09 Aug 2022 01:55:46 GMT" time="10.591" errors="0">
  <testcase name="advancedActions" time="10.591" classname="testcases.ActionsClass"/>
</testsuite> <!-- testcases.ActionsClass -->
