<?xml version="1.0" encoding="UTF-8"?>
<!-- Generated by org.testng.reporters.JUnitReportReporter -->
<testsuite skipped="0" hostname="Shivansh-PC" name="testcases.HandleMultipleWindows" tests="1" failures="0" timestamp="30 Jul 2022 14:52:22 GMT" time="11.645" errors="0">
  <testcase name="handleWindows" time="11.645" classname="testcases.HandleMultipleWindows"/>
</testsuite> <!-- testcases.HandleMultipleWindows -->
