<?xml version="1.0" encoding="UTF-8"?>
<!-- Generated by org.testng.reporters.JUnitReportReporter -->
<testsuite skipped="0" hostname="Shivansh-PC" name="testcases.LoginFunctinality" tests="1" failures="0" timestamp="31 Jul 2022 13:37:51 GMT" time="47.838" errors="0">
  <testcase name="verifyValidLogin" time="47.838" classname="testcases.LoginFunctinality"/>
</testsuite> <!-- testcases.LoginFunctinality -->
