<?xml version="1.0" encoding="UTF-8"?>
<!-- Generated by org.testng.reporters.JUnitReportReporter -->
<testsuite skipped="0" hostname="Shivansh-PC" name="testcases.BrowserNavCommand" tests="1" failures="0" timestamp="31 Jul 2022 13:16:24 GMT" time="26.208" errors="0">
  <testcase name="browserNavCommands" time="26.208" classname="testcases.BrowserNavCommand"/>
</testsuite> <!-- testcases.BrowserNavCommand -->
