<?xml version="1.0" encoding="UTF-8"?>
<!-- Generated by org.testng.reporters.JUnitReportReporter -->
<testsuite skipped="0" hostname="Shivansh-PC" name="testcases.HowTScrollTillEndOfThePage" tests="1" failures="0" timestamp="30 Jul 2022 13:54:34 GMT" time="18.210" errors="0">
  <testcase name="scrollTillEnd" time="18.210" classname="testcases.HowTScrollTillEndOfThePage"/>
</testsuite> <!-- testcases.HowTScrollTillEndOfThePage -->
