<?xml version="1.0" encoding="UTF-8"?>
<!-- Generated by org.testng.reporters.JUnitReportReporter -->
<testsuite skipped="0" hostname="Shivansh-PC" name="testcases.HowToHandleFrame" tests="1" failures="0" timestamp="2022-08-06T19:03:59 IST" time="13.122" errors="0">
  <testcase name="handleFrame" time="13.122" classname="testcases.HowToHandleFrame"/>
  <system-out/>
</testsuite> <!-- testcases.HowToHandleFrame -->
