<?xml version="1.0" encoding="UTF-8"?>
<!-- Generated by org.testng.reporters.JUnitReportReporter -->
<testsuite skipped="0" hostname="Shivansh-PC" name="testcases.HowToTakeScrenshot" tests="1" failures="0" timestamp="2022-08-06T19:03:59 IST" time="10.870" errors="0">
  <testcase name="verifyAlert" time="10.870" classname="testcases.HowToTakeScrenshot"/>
  <system-out/>
</testsuite> <!-- testcases.HowToTakeScrenshot -->
